<?xml version="1.0" encoding="UTF-8"?>
<testsuite xmlns:xsi="http://www.w3.org/2001/XMLSchema-instance" xsi:noNamespaceSchemaLocation="https://maven.apache.org/surefire/maven-surefire-plugin/xsd/surefire-test-report-3.0.xsd" version="3.0" name="com.springapi.springapitechnicaltest.services.ShoppingCartServiceTest" time="0.451" tests="10" errors="0" skipped="0" failures="0">
  <properties>
    <property name="java.specification.version" value="20"/>
    <property name="sun.cpu.isalist" value="amd64"/>
    <property name="sun.jnu.encoding" value="Cp1252"/>
    <property name="java.class.path" value="C:\Users\Daniel\Documents\Spring Technical Test\Spring-Api-Technical-Test\target\test-classes;C:\Users\Daniel\Documents\Spring Technical Test\Spring-Api-Technical-Test\target\classes;C:\Users\Daniel\.m2\repository\org\springframework\boot\spring-boot-starter-data-mongodb\3.2.0-M2\spring-boot-starter-data-mongodb-3.2.0-M2.jar;C:\Users\Daniel\.m2\repository\org\springframework\boot\spring-boot-starter\3.2.0-M2\spring-boot-starter-3.2.0-M2.jar;C:\Users\Daniel\.m2\repository\org\springframework\boot\spring-boot-starter-logging\3.2.0-M2\spring-boot-starter-logging-3.2.0-M2.jar;C:\Users\Daniel\.m2\repository\ch\qos\logback\logback-classic\1.4.11\logback-classic-1.4.11.jar;C:\Users\Daniel\.m2\repository\ch\qos\logback\logback-core\1.4.11\logback-core-1.4.11.jar;C:\Users\Daniel\.m2\repository\org\apache\logging\log4j\log4j-to-slf4j\2.20.0\log4j-to-slf4j-2.20.0.jar;C:\Users\Daniel\.m2\repository\org\apache\logging\log4j\log4j-api\2.20.0\log4j-api-2.20.0.jar;C:\Users\Daniel\.m2\repository\org\slf4j\jul-to-slf4j\2.0.7\jul-to-slf4j-2.0.7.jar;C:\Users\Daniel\.m2\repository\jakarta\annotation\jakarta.annotation-api\2.1.1\jakarta.annotation-api-2.1.1.jar;C:\Users\Daniel\.m2\repository\org\yaml\snakeyaml\2.1\snakeyaml-2.1.jar;C:\Users\Daniel\.m2\repository\org\mongodb\mongodb-driver-sync\4.10.2\mongodb-driver-sync-4.10.2.jar;C:\Users\Daniel\.m2\repository\org\mongodb\bson\4.10.2\bson-4.10.2.jar;C:\Users\Daniel\.m2\repository\org\mongodb\mongodb-driver-core\4.10.2\mongodb-driver-core-4.10.2.jar;C:\Users\Daniel\.m2\repository\org\mongodb\bson-record-codec\4.10.2\bson-record-codec-4.10.2.jar;C:\Users\Daniel\.m2\repository\org\springframework\data\spring-data-mongodb\4.2.0-M2\spring-data-mongodb-4.2.0-M2.jar;C:\Users\Daniel\.m2\repository\org\springframework\spring-tx\6.1.0-M4\spring-tx-6.1.0-M4.jar;C:\Users\Daniel\.m2\repository\org\springframework\spring-context\6.1.0-M4\spring-context-6.1.0-M4.jar;C:\Users\Daniel\.m2\repository\org\springframework\spring-beans\6.1.0-M4\spring-beans-6.1.0-M4.jar;C:\Users\Daniel\.m2\repository\org\springframework\spring-expression\6.1.0-M4\spring-expression-6.1.0-M4.jar;C:\Users\Daniel\.m2\repository\org\springframework\data\spring-data-commons\3.2.0-M2\spring-data-commons-3.2.0-M2.jar;C:\Users\Daniel\.m2\repository\org\slf4j\slf4j-api\2.0.7\slf4j-api-2.0.7.jar;C:\Users\Daniel\.m2\repository\org\springframework\boot\spring-boot-starter-security\3.2.0-M2\spring-boot-starter-security-3.2.0-M2.jar;C:\Users\Daniel\.m2\repository\org\springframework\spring-aop\6.1.0-M4\spring-aop-6.1.0-M4.jar;C:\Users\Daniel\.m2\repository\org\springframework\security\spring-security-config\6.2.0-M2\spring-security-config-6.2.0-M2.jar;C:\Users\Daniel\.m2\repository\org\springframework\security\spring-security-web\6.2.0-M2\spring-security-web-6.2.0-M2.jar;C:\Users\Daniel\.m2\repository\org\springframework\boot\spring-boot-starter-validation\3.2.0-M2\spring-boot-starter-validation-3.2.0-M2.jar;C:\Users\Daniel\.m2\repository\org\apache\tomcat\embed\tomcat-embed-el\10.1.12\tomcat-embed-el-10.1.12.jar;C:\Users\Daniel\.m2\repository\org\hibernate\validator\hibernate-validator\8.0.1.Final\hibernate-validator-8.0.1.Final.jar;C:\Users\Daniel\.m2\repository\jakarta\validation\jakarta.validation-api\3.0.2\jakarta.validation-api-3.0.2.jar;C:\Users\Daniel\.m2\repository\org\jboss\logging\jboss-logging\3.5.3.Final\jboss-logging-3.5.3.Final.jar;C:\Users\Daniel\.m2\repository\com\fasterxml\classmate\1.5.1\classmate-1.5.1.jar;C:\Users\Daniel\.m2\repository\org\springframework\boot\spring-boot-starter-web\3.2.0-M2\spring-boot-starter-web-3.2.0-M2.jar;C:\Users\Daniel\.m2\repository\org\springframework\boot\spring-boot-starter-json\3.2.0-M2\spring-boot-starter-json-3.2.0-M2.jar;C:\Users\Daniel\.m2\repository\com\fasterxml\jackson\datatype\jackson-datatype-jdk8\2.15.2\jackson-datatype-jdk8-2.15.2.jar;C:\Users\Daniel\.m2\repository\com\fasterxml\jackson\datatype\jackson-datatype-jsr310\2.15.2\jackson-datatype-jsr310-2.15.2.jar;C:\Users\Daniel\.m2\repository\com\fasterxml\jackson\module\jackson-module-parameter-names\2.15.2\jackson-module-parameter-names-2.15.2.jar;C:\Users\Daniel\.m2\repository\org\springframework\boot\spring-boot-starter-tomcat\3.2.0-M2\spring-boot-starter-tomcat-3.2.0-M2.jar;C:\Users\Daniel\.m2\repository\org\apache\tomcat\embed\tomcat-embed-core\10.1.12\tomcat-embed-core-10.1.12.jar;C:\Users\Daniel\.m2\repository\org\apache\tomcat\embed\tomcat-embed-websocket\10.1.12\tomcat-embed-websocket-10.1.12.jar;C:\Users\Daniel\.m2\repository\org\springframework\spring-web\6.1.0-M4\spring-web-6.1.0-M4.jar;C:\Users\Daniel\.m2\repository\io\micrometer\micrometer-observation\1.12.0-M2\micrometer-observation-1.12.0-M2.jar;C:\Users\Daniel\.m2\repository\io\micrometer\micrometer-commons\1.12.0-M2\micrometer-commons-1.12.0-M2.jar;C:\Users\Daniel\.m2\repository\org\springframework\spring-webmvc\6.1.0-M4\spring-webmvc-6.1.0-M4.jar;C:\Users\Daniel\.m2\repository\org\springframework\boot\spring-boot-devtools\3.2.0-M2\spring-boot-devtools-3.2.0-M2.jar;C:\Users\Daniel\.m2\repository\org\springframework\boot\spring-boot\3.2.0-M2\spring-boot-3.2.0-M2.jar;C:\Users\Daniel\.m2\repository\org\springframework\boot\spring-boot-autoconfigure\3.2.0-M2\spring-boot-autoconfigure-3.2.0-M2.jar;C:\Users\Daniel\.m2\repository\org\projectlombok\lombok\1.18.28\lombok-1.18.28.jar;C:\Users\Daniel\.m2\repository\org\springframework\boot\spring-boot-starter-test\3.2.0-M2\spring-boot-starter-test-3.2.0-M2.jar;C:\Users\Daniel\.m2\repository\org\springframework\boot\spring-boot-test\3.2.0-M2\spring-boot-test-3.2.0-M2.jar;C:\Users\Daniel\.m2\repository\org\springframework\boot\spring-boot-test-autoconfigure\3.2.0-M2\spring-boot-test-autoconfigure-3.2.0-M2.jar;C:\Users\Daniel\.m2\repository\com\jayway\jsonpath\json-path\2.8.0\json-path-2.8.0.jar;C:\Users\Daniel\.m2\repository\jakarta\xml\bind\jakarta.xml.bind-api\4.0.0\jakarta.xml.bind-api-4.0.0.jar;C:\Users\Daniel\.m2\repository\jakarta\activation\jakarta.activation-api\2.1.2\jakarta.activation-api-2.1.2.jar;C:\Users\Daniel\.m2\repository\net\minidev\json-smart\2.5.0\json-smart-2.5.0.jar;C:\Users\Daniel\.m2\repository\net\minidev\accessors-smart\2.5.0\accessors-smart-2.5.0.jar;C:\Users\Daniel\.m2\repository\org\ow2\asm\asm\9.3\asm-9.3.jar;C:\Users\Daniel\.m2\repository\org\assertj\assertj-core\3.24.2\assertj-core-3.24.2.jar;C:\Users\Daniel\.m2\repository\net\bytebuddy\byte-buddy\1.14.6\byte-buddy-1.14.6.jar;C:\Users\Daniel\.m2\repository\org\hamcrest\hamcrest\2.2\hamcrest-2.2.jar;C:\Users\Daniel\.m2\repository\org\junit\jupiter\junit-jupiter\5.10.0\junit-jupiter-5.10.0.jar;C:\Users\Daniel\.m2\repository\org\junit\jupiter\junit-jupiter-api\5.10.0\junit-jupiter-api-5.10.0.jar;C:\Users\Daniel\.m2\repository\org\opentest4j\opentest4j\1.3.0\opentest4j-1.3.0.jar;C:\Users\Daniel\.m2\repository\org\junit\platform\junit-platform-commons\1.10.0\junit-platform-commons-1.10.0.jar;C:\Users\Daniel\.m2\repository\org\apiguardian\apiguardian-api\1.1.2\apiguardian-api-1.1.2.jar;C:\Users\Daniel\.m2\repository\org\junit\jupiter\junit-jupiter-params\5.10.0\junit-jupiter-params-5.10.0.jar;C:\Users\Daniel\.m2\repository\org\junit\jupiter\junit-jupiter-engine\5.10.0\junit-jupiter-engine-5.10.0.jar;C:\Users\Daniel\.m2\repository\org\junit\platform\junit-platform-engine\1.10.0\junit-platform-engine-1.10.0.jar;C:\Users\Daniel\.m2\repository\org\mockito\mockito-core\5.5.0\mockito-core-5.5.0.jar;C:\Users\Daniel\.m2\repository\net\bytebuddy\byte-buddy-agent\1.14.6\byte-buddy-agent-1.14.6.jar;C:\Users\Daniel\.m2\repository\org\objenesis\objenesis\3.3\objenesis-3.3.jar;C:\Users\Daniel\.m2\repository\org\mockito\mockito-junit-jupiter\5.5.0\mockito-junit-jupiter-5.5.0.jar;C:\Users\Daniel\.m2\repository\org\skyscreamer\jsonassert\1.5.1\jsonassert-1.5.1.jar;C:\Users\Daniel\.m2\repository\com\vaadin\external\google\android-json\0.0.20131108.vaadin1\android-json-0.0.20131108.vaadin1.jar;C:\Users\Daniel\.m2\repository\org\springframework\spring-core\6.1.0-M4\spring-core-6.1.0-M4.jar;C:\Users\Daniel\.m2\repository\org\springframework\spring-jcl\6.1.0-M4\spring-jcl-6.1.0-M4.jar;C:\Users\Daniel\.m2\repository\org\springframework\spring-test\6.1.0-M4\spring-test-6.1.0-M4.jar;C:\Users\Daniel\.m2\repository\org\xmlunit\xmlunit-core\2.9.1\xmlunit-core-2.9.1.jar;C:\Users\Daniel\.m2\repository\org\springframework\security\spring-security-test\6.2.0-M2\spring-security-test-6.2.0-M2.jar;C:\Users\Daniel\.m2\repository\org\springframework\security\spring-security-core\6.2.0-M2\spring-security-core-6.2.0-M2.jar;C:\Users\Daniel\.m2\repository\org\springframework\security\spring-security-crypto\6.2.0-M2\spring-security-crypto-6.2.0-M2.jar;C:\Users\Daniel\.m2\repository\org\apache\commons\commons-lang3\3.12.0\commons-lang3-3.12.0.jar;C:\Users\Daniel\.m2\repository\org\passay\passay\1.6.3\passay-1.6.3.jar;C:\Users\Daniel\.m2\repository\commons-io\commons-io\2.8.0\commons-io-2.8.0.jar;C:\Users\Daniel\.m2\repository\io\jsonwebtoken\jjwt-api\0.11.5\jjwt-api-0.11.5.jar;C:\Users\Daniel\.m2\repository\io\jsonwebtoken\jjwt-impl\0.11.5\jjwt-impl-0.11.5.jar;C:\Users\Daniel\.m2\repository\io\jsonwebtoken\jjwt-jackson\0.11.5\jjwt-jackson-0.11.5.jar;C:\Users\Daniel\.m2\repository\com\fasterxml\jackson\core\jackson-databind\2.15.2\jackson-databind-2.15.2.jar;C:\Users\Daniel\.m2\repository\com\fasterxml\jackson\core\jackson-annotations\2.15.2\jackson-annotations-2.15.2.jar;C:\Users\Daniel\.m2\repository\com\fasterxml\jackson\core\jackson-core\2.15.2\jackson-core-2.15.2.jar;C:\Users\Daniel\.m2\repository\junit\junit\4.13.2\junit-4.13.2.jar;C:\Users\Daniel\.m2\repository\org\hamcrest\hamcrest-core\2.2\hamcrest-core-2.2.jar;C:\Users\Daniel\.m2\repository\org\springdoc\springdoc-openapi-starter-webmvc-api\2.2.0\springdoc-openapi-starter-webmvc-api-2.2.0.jar;C:\Users\Daniel\.m2\repository\org\springdoc\springdoc-openapi-starter-common\2.2.0\springdoc-openapi-starter-common-2.2.0.jar;C:\Users\Daniel\.m2\repository\io\swagger\core\v3\swagger-core-jakarta\2.2.15\swagger-core-jakarta-2.2.15.jar;C:\Users\Daniel\.m2\repository\io\swagger\core\v3\swagger-annotations-jakarta\2.2.15\swagger-annotations-jakarta-2.2.15.jar;C:\Users\Daniel\.m2\repository\io\swagger\core\v3\swagger-models-jakarta\2.2.15\swagger-models-jakarta-2.2.15.jar;C:\Users\Daniel\.m2\repository\com\fasterxml\jackson\dataformat\jackson-dataformat-yaml\2.15.2\jackson-dataformat-yaml-2.15.2.jar;C:\Users\Daniel\.m2\repository\org\springdoc\springdoc-openapi-starter-webmvc-ui\2.2.0\springdoc-openapi-starter-webmvc-ui-2.2.0.jar;C:\Users\Daniel\.m2\repository\org\webjars\swagger-ui\5.2.0\swagger-ui-5.2.0.jar;"/>
    <property name="java.vm.vendor" value="Oracle Corporation"/>
    <property name="sun.arch.data.model" value="64"/>
    <property name="user.variant" value=""/>
    <property name="java.vendor.url" value="https://java.oracle.com/"/>
    <property name="user.timezone" value="America/Mexico_City"/>
    <property name="org.jboss.logging.provider" value="slf4j"/>
    <property name="os.name" value="Windows 10"/>
    <property name="java.vm.specification.version" value="20"/>
    <property name="sun.java.launcher" value="SUN_STANDARD"/>
    <property name="user.country" value="ES"/>
    <property name="sun.boot.library.path" value="C:\Program Files\Java\jdk-20\bin"/>
    <property name="sun.java.command" value="C:\Users\Daniel\AppData\Local\Temp\surefire17892648700632354062\surefirebooter-20230925152501367_3.jar C:\Users\Daniel\AppData\Local\Temp\surefire17892648700632354062 2023-09-25T15-25-01_231-jvmRun1 surefire-20230925152501367_1tmp surefire_0-20230925152501367_2tmp"/>
    <property name="jdk.debug" value="release"/>
    <property name="surefire.test.class.path" value="C:\Users\Daniel\Documents\Spring Technical Test\Spring-Api-Technical-Test\target\test-classes;C:\Users\Daniel\Documents\Spring Technical Test\Spring-Api-Technical-Test\target\classes;C:\Users\Daniel\.m2\repository\org\springframework\boot\spring-boot-starter-data-mongodb\3.2.0-M2\spring-boot-starter-data-mongodb-3.2.0-M2.jar;C:\Users\Daniel\.m2\repository\org\springframework\boot\spring-boot-starter\3.2.0-M2\spring-boot-starter-3.2.0-M2.jar;C:\Users\Daniel\.m2\repository\org\springframework\boot\spring-boot-starter-logging\3.2.0-M2\spring-boot-starter-logging-3.2.0-M2.jar;C:\Users\Daniel\.m2\repository\ch\qos\logback\logback-classic\1.4.11\logback-classic-1.4.11.jar;C:\Users\Daniel\.m2\repository\ch\qos\logback\logback-core\1.4.11\logback-core-1.4.11.jar;C:\Users\Daniel\.m2\repository\org\apache\logging\log4j\log4j-to-slf4j\2.20.0\log4j-to-slf4j-2.20.0.jar;C:\Users\Daniel\.m2\repository\org\apache\logging\log4j\log4j-api\2.20.0\log4j-api-2.20.0.jar;C:\Users\Daniel\.m2\repository\org\slf4j\jul-to-slf4j\2.0.7\jul-to-slf4j-2.0.7.jar;C:\Users\Daniel\.m2\repository\jakarta\annotation\jakarta.annotation-api\2.1.1\jakarta.annotation-api-2.1.1.jar;C:\Users\Daniel\.m2\repository\org\yaml\snakeyaml\2.1\snakeyaml-2.1.jar;C:\Users\Daniel\.m2\repository\org\mongodb\mongodb-driver-sync\4.10.2\mongodb-driver-sync-4.10.2.jar;C:\Users\Daniel\.m2\repository\org\mongodb\bson\4.10.2\bson-4.10.2.jar;C:\Users\Daniel\.m2\repository\org\mongodb\mongodb-driver-core\4.10.2\mongodb-driver-core-4.10.2.jar;C:\Users\Daniel\.m2\repository\org\mongodb\bson-record-codec\4.10.2\bson-record-codec-4.10.2.jar;C:\Users\Daniel\.m2\repository\org\springframework\data\spring-data-mongodb\4.2.0-M2\spring-data-mongodb-4.2.0-M2.jar;C:\Users\Daniel\.m2\repository\org\springframework\spring-tx\6.1.0-M4\spring-tx-6.1.0-M4.jar;C:\Users\Daniel\.m2\repository\org\springframework\spring-context\6.1.0-M4\spring-context-6.1.0-M4.jar;C:\Users\Daniel\.m2\repository\org\springframework\spring-beans\6.1.0-M4\spring-beans-6.1.0-M4.jar;C:\Users\Daniel\.m2\repository\org\springframework\spring-expression\6.1.0-M4\spring-expression-6.1.0-M4.jar;C:\Users\Daniel\.m2\repository\org\springframework\data\spring-data-commons\3.2.0-M2\spring-data-commons-3.2.0-M2.jar;C:\Users\Daniel\.m2\repository\org\slf4j\slf4j-api\2.0.7\slf4j-api-2.0.7.jar;C:\Users\Daniel\.m2\repository\org\springframework\boot\spring-boot-starter-security\3.2.0-M2\spring-boot-starter-security-3.2.0-M2.jar;C:\Users\Daniel\.m2\repository\org\springframework\spring-aop\6.1.0-M4\spring-aop-6.1.0-M4.jar;C:\Users\Daniel\.m2\repository\org\springframework\security\spring-security-config\6.2.0-M2\spring-security-config-6.2.0-M2.jar;C:\Users\Daniel\.m2\repository\org\springframework\security\spring-security-web\6.2.0-M2\spring-security-web-6.2.0-M2.jar;C:\Users\Daniel\.m2\repository\org\springframework\boot\spring-boot-starter-validation\3.2.0-M2\spring-boot-starter-validation-3.2.0-M2.jar;C:\Users\Daniel\.m2\repository\org\apache\tomcat\embed\tomcat-embed-el\10.1.12\tomcat-embed-el-10.1.12.jar;C:\Users\Daniel\.m2\repository\org\hibernate\validator\hibernate-validator\8.0.1.Final\hibernate-validator-8.0.1.Final.jar;C:\Users\Daniel\.m2\repository\jakarta\validation\jakarta.validation-api\3.0.2\jakarta.validation-api-3.0.2.jar;C:\Users\Daniel\.m2\repository\org\jboss\logging\jboss-logging\3.5.3.Final\jboss-logging-3.5.3.Final.jar;C:\Users\Daniel\.m2\repository\com\fasterxml\classmate\1.5.1\classmate-1.5.1.jar;C:\Users\Daniel\.m2\repository\org\springframework\boot\spring-boot-starter-web\3.2.0-M2\spring-boot-starter-web-3.2.0-M2.jar;C:\Users\Daniel\.m2\repository\org\springframework\boot\spring-boot-starter-json\3.2.0-M2\spring-boot-starter-json-3.2.0-M2.jar;C:\Users\Daniel\.m2\repository\com\fasterxml\jackson\datatype\jackson-datatype-jdk8\2.15.2\jackson-datatype-jdk8-2.15.2.jar;C:\Users\Daniel\.m2\repository\com\fasterxml\jackson\datatype\jackson-datatype-jsr310\2.15.2\jackson-datatype-jsr310-2.15.2.jar;C:\Users\Daniel\.m2\repository\com\fasterxml\jackson\module\jackson-module-parameter-names\2.15.2\jackson-module-parameter-names-2.15.2.jar;C:\Users\Daniel\.m2\repository\org\springframework\boot\spring-boot-starter-tomcat\3.2.0-M2\spring-boot-starter-tomcat-3.2.0-M2.jar;C:\Users\Daniel\.m2\repository\org\apache\tomcat\embed\tomcat-embed-core\10.1.12\tomcat-embed-core-10.1.12.jar;C:\Users\Daniel\.m2\repository\org\apache\tomcat\embed\tomcat-embed-websocket\10.1.12\tomcat-embed-websocket-10.1.12.jar;C:\Users\Daniel\.m2\repository\org\springframework\spring-web\6.1.0-M4\spring-web-6.1.0-M4.jar;C:\Users\Daniel\.m2\repository\io\micrometer\micrometer-observation\1.12.0-M2\micrometer-observation-1.12.0-M2.jar;C:\Users\Daniel\.m2\repository\io\micrometer\micrometer-commons\1.12.0-M2\micrometer-commons-1.12.0-M2.jar;C:\Users\Daniel\.m2\repository\org\springframework\spring-webmvc\6.1.0-M4\spring-webmvc-6.1.0-M4.jar;C:\Users\Daniel\.m2\repository\org\springframework\boot\spring-boot-devtools\3.2.0-M2\spring-boot-devtools-3.2.0-M2.jar;C:\Users\Daniel\.m2\repository\org\springframework\boot\spring-boot\3.2.0-M2\spring-boot-3.2.0-M2.jar;C:\Users\Daniel\.m2\repository\org\springframework\boot\spring-boot-autoconfigure\3.2.0-M2\spring-boot-autoconfigure-3.2.0-M2.jar;C:\Users\Daniel\.m2\repository\org\projectlombok\lombok\1.18.28\lombok-1.18.28.jar;C:\Users\Daniel\.m2\repository\org\springframework\boot\spring-boot-starter-test\3.2.0-M2\spring-boot-starter-test-3.2.0-M2.jar;C:\Users\Daniel\.m2\repository\org\springframework\boot\spring-boot-test\3.2.0-M2\spring-boot-test-3.2.0-M2.jar;C:\Users\Daniel\.m2\repository\org\springframework\boot\spring-boot-test-autoconfigure\3.2.0-M2\spring-boot-test-autoconfigure-3.2.0-M2.jar;C:\Users\Daniel\.m2\repository\com\jayway\jsonpath\json-path\2.8.0\json-path-2.8.0.jar;C:\Users\Daniel\.m2\repository\jakarta\xml\bind\jakarta.xml.bind-api\4.0.0\jakarta.xml.bind-api-4.0.0.jar;C:\Users\Daniel\.m2\repository\jakarta\activation\jakarta.activation-api\2.1.2\jakarta.activation-api-2.1.2.jar;C:\Users\Daniel\.m2\repository\net\minidev\json-smart\2.5.0\json-smart-2.5.0.jar;C:\Users\Daniel\.m2\repository\net\minidev\accessors-smart\2.5.0\accessors-smart-2.5.0.jar;C:\Users\Daniel\.m2\repository\org\ow2\asm\asm\9.3\asm-9.3.jar;C:\Users\Daniel\.m2\repository\org\assertj\assertj-core\3.24.2\assertj-core-3.24.2.jar;C:\Users\Daniel\.m2\repository\net\bytebuddy\byte-buddy\1.14.6\byte-buddy-1.14.6.jar;C:\Users\Daniel\.m2\repository\org\hamcrest\hamcrest\2.2\hamcrest-2.2.jar;C:\Users\Daniel\.m2\repository\org\junit\jupiter\junit-jupiter\5.10.0\junit-jupiter-5.10.0.jar;C:\Users\Daniel\.m2\repository\org\junit\jupiter\junit-jupiter-api\5.10.0\junit-jupiter-api-5.10.0.jar;C:\Users\Daniel\.m2\repository\org\opentest4j\opentest4j\1.3.0\opentest4j-1.3.0.jar;C:\Users\Daniel\.m2\repository\org\junit\platform\junit-platform-commons\1.10.0\junit-platform-commons-1.10.0.jar;C:\Users\Daniel\.m2\repository\org\apiguardian\apiguardian-api\1.1.2\apiguardian-api-1.1.2.jar;C:\Users\Daniel\.m2\repository\org\junit\jupiter\junit-jupiter-params\5.10.0\junit-jupiter-params-5.10.0.jar;C:\Users\Daniel\.m2\repository\org\junit\jupiter\junit-jupiter-engine\5.10.0\junit-jupiter-engine-5.10.0.jar;C:\Users\Daniel\.m2\repository\org\junit\platform\junit-platform-engine\1.10.0\junit-platform-engine-1.10.0.jar;C:\Users\Daniel\.m2\repository\org\mockito\mockito-core\5.5.0\mockito-core-5.5.0.jar;C:\Users\Daniel\.m2\repository\net\bytebuddy\byte-buddy-agent\1.14.6\byte-buddy-agent-1.14.6.jar;C:\Users\Daniel\.m2\repository\org\objenesis\objenesis\3.3\objenesis-3.3.jar;C:\Users\Daniel\.m2\repository\org\mockito\mockito-junit-jupiter\5.5.0\mockito-junit-jupiter-5.5.0.jar;C:\Users\Daniel\.m2\repository\org\skyscreamer\jsonassert\1.5.1\jsonassert-1.5.1.jar;C:\Users\Daniel\.m2\repository\com\vaadin\external\google\android-json\0.0.20131108.vaadin1\android-json-0.0.20131108.vaadin1.jar;C:\Users\Daniel\.m2\repository\org\springframework\spring-core\6.1.0-M4\spring-core-6.1.0-M4.jar;C:\Users\Daniel\.m2\repository\org\springframework\spring-jcl\6.1.0-M4\spring-jcl-6.1.0-M4.jar;C:\Users\Daniel\.m2\repository\org\springframework\spring-test\6.1.0-M4\spring-test-6.1.0-M4.jar;C:\Users\Daniel\.m2\repository\org\xmlunit\xmlunit-core\2.9.1\xmlunit-core-2.9.1.jar;C:\Users\Daniel\.m2\repository\org\springframework\security\spring-security-test\6.2.0-M2\spring-security-test-6.2.0-M2.jar;C:\Users\Daniel\.m2\repository\org\springframework\security\spring-security-core\6.2.0-M2\spring-security-core-6.2.0-M2.jar;C:\Users\Daniel\.m2\repository\org\springframework\security\spring-security-crypto\6.2.0-M2\spring-security-crypto-6.2.0-M2.jar;C:\Users\Daniel\.m2\repository\org\apache\commons\commons-lang3\3.12.0\commons-lang3-3.12.0.jar;C:\Users\Daniel\.m2\repository\org\passay\passay\1.6.3\passay-1.6.3.jar;C:\Users\Daniel\.m2\repository\commons-io\commons-io\2.8.0\commons-io-2.8.0.jar;C:\Users\Daniel\.m2\repository\io\jsonwebtoken\jjwt-api\0.11.5\jjwt-api-0.11.5.jar;C:\Users\Daniel\.m2\repository\io\jsonwebtoken\jjwt-impl\0.11.5\jjwt-impl-0.11.5.jar;C:\Users\Daniel\.m2\repository\io\jsonwebtoken\jjwt-jackson\0.11.5\jjwt-jackson-0.11.5.jar;C:\Users\Daniel\.m2\repository\com\fasterxml\jackson\core\jackson-databind\2.15.2\jackson-databind-2.15.2.jar;C:\Users\Daniel\.m2\repository\com\fasterxml\jackson\core\jackson-annotations\2.15.2\jackson-annotations-2.15.2.jar;C:\Users\Daniel\.m2\repository\com\fasterxml\jackson\core\jackson-core\2.15.2\jackson-core-2.15.2.jar;C:\Users\Daniel\.m2\repository\junit\junit\4.13.2\junit-4.13.2.jar;C:\Users\Daniel\.m2\repository\org\hamcrest\hamcrest-core\2.2\hamcrest-core-2.2.jar;C:\Users\Daniel\.m2\repository\org\springdoc\springdoc-openapi-starter-webmvc-api\2.2.0\springdoc-openapi-starter-webmvc-api-2.2.0.jar;C:\Users\Daniel\.m2\repository\org\springdoc\springdoc-openapi-starter-common\2.2.0\springdoc-openapi-starter-common-2.2.0.jar;C:\Users\Daniel\.m2\repository\io\swagger\core\v3\swagger-core-jakarta\2.2.15\swagger-core-jakarta-2.2.15.jar;C:\Users\Daniel\.m2\repository\io\swagger\core\v3\swagger-annotations-jakarta\2.2.15\swagger-annotations-jakarta-2.2.15.jar;C:\Users\Daniel\.m2\repository\io\swagger\core\v3\swagger-models-jakarta\2.2.15\swagger-models-jakarta-2.2.15.jar;C:\Users\Daniel\.m2\repository\com\fasterxml\jackson\dataformat\jackson-dataformat-yaml\2.15.2\jackson-dataformat-yaml-2.15.2.jar;C:\Users\Daniel\.m2\repository\org\springdoc\springdoc-openapi-starter-webmvc-ui\2.2.0\springdoc-openapi-starter-webmvc-ui-2.2.0.jar;C:\Users\Daniel\.m2\repository\org\webjars\swagger-ui\5.2.0\swagger-ui-5.2.0.jar;"/>
    <property name="sun.cpu.endian" value="little"/>
    <property name="user.home" value="C:\Users\Daniel"/>
    <property name="user.language" value="es"/>
    <property name="java.specification.vendor" value="Oracle Corporation"/>
    <property name="java.version.date" value="2023-03-21"/>
    <property name="java.home" value="C:\Program Files\Java\jdk-20"/>
    <property name="file.separator" value="\"/>
    <property name="basedir" value="C:\Users\Daniel\Documents\Spring Technical Test\Spring-Api-Technical-Test"/>
    <property name="java.vm.compressedOopsMode" value="Zero based"/>
    <property name="line.separator" value="&#10;"/>
    <property name="java.vm.specification.vendor" value="Oracle Corporation"/>
    <property name="java.specification.name" value="Java Platform API Specification"/>
    <property name="FILE_LOG_CHARSET" value="UTF-8"/>
    <property name="java.awt.headless" value="true"/>
    <property name="surefire.real.class.path" value="C:\Users\Daniel\AppData\Local\Temp\surefire17892648700632354062\surefirebooter-20230925152501367_3.jar"/>
    <property name="user.script" value=""/>
    <property name="sun.management.compiler" value="HotSpot 64-Bit Tiered Compilers"/>
    <property name="java.runtime.version" value="20+36-2344"/>
    <property name="user.name" value="Daniel"/>
    <property name="stdout.encoding" value="Cp1252"/>
    <property name="path.separator" value=";"/>
    <property name="os.version" value="10.0"/>
    <property name="java.runtime.name" value="Java(TM) SE Runtime Environment"/>
    <property name="file.encoding" value="UTF-8"/>
    <property name="java.vm.name" value="Java HotSpot(TM) 64-Bit Server VM"/>
    <property name="localRepository" value="C:\Users\Daniel\.m2\repository"/>
    <property name="java.vendor.url.bug" value="https://bugreport.java.com/bugreport/"/>
    <property name="java.io.tmpdir" value="C:\Users\Daniel\AppData\Local\Temp\"/>
    <property name="java.version" value="20"/>
    <property name="user.dir" value="C:\Users\Daniel\Documents\Spring Technical Test\Spring-Api-Technical-Test"/>
    <property name="os.arch" value="amd64"/>
    <property name="java.vm.specification.name" value="Java Virtual Machine Specification"/>
    <property name="PID" value="12500"/>
    <property name="sun.os.patch.level" value=""/>
    <property name="CONSOLE_LOG_CHARSET" value="UTF-8"/>
    <property name="native.encoding" value="Cp1252"/>
    <property name="java.library.path" value="C:\Program Files\Java\jdk-20\bin;C:\Windows\Sun\Java\bin;C:\Windows\system32;C:\Windows;C:\Program Files\Common Files\Oracle\Java\javapath;C:\Program Files (x86)\Common Files\Oracle\Java\javapath;C:\Windows\system32;C:\Windows;C:\Windows\System32\Wbem;C:\Windows\System32\WindowsPowerShell\v1.0\;C:\Windows\System32\OpenSSH\;C:\Program Files\PuTTY\;C:\Program Files\nodejs\;C:\Program Files\Git\cmd;C:\Users\Daniel\Documents\apache-maven-3.9.3\bin;C:\Program Files\Go\bin;C:\Program Files\Docker\Docker\resources\bin;C:\Users\Daniel\AppData\Local\Microsoft\WindowsApps;;C:\Users\Daniel\AppData\Local\Programs\Microsoft VS Code\bin;C:\Users\Daniel\AppData\Roaming\npm;C:\Program Files\JetBrains\IntelliJ IDEA 2023.1.2\bin;;C:\Users\Daniel\go\bin;."/>
    <property name="java.vm.info" value="mixed mode, sharing"/>
    <property name="stderr.encoding" value="Cp1252"/>
    <property name="java.vendor" value="Oracle Corporation"/>
    <property name="java.vm.version" value="20+36-2344"/>
    <property name="sun.io.unicode.encoding" value="UnicodeLittle"/>
    <property name="java.class.version" value="64.0"/>
  </properties>
  <testcase name="newShoppingCartEmpty" classname="com.springapi.springapitechnicaltest.services.ShoppingCartServiceTest" time="0.004">
    <system-out><![CDATA[2023-09-25T15:25:13.711-06:00  INFO 12500 --- [           main] t.c.s.AnnotationConfigContextLoaderUtils : Could not detect default configuration classes for test class [com.springapi.springapitechnicaltest.services.ShoppingCartServiceTest]: ShoppingCartServiceTest does not declare any static, non-private, non-final, nested classes annotated with @Configuration.
2023-09-25T15:25:13.712-06:00  INFO 12500 --- [           main] .b.t.c.SpringBootTestContextBootstrapper : Found @SpringBootConfiguration com.springapi.springapitechnicaltest.SpringApiTechnicalTestApplication for test class com.springapi.springapitechnicaltest.services.ShoppingCartServiceTest

  .   ____          _            __ _ _
 /\\ / ___'_ __ _ _(_)_ __  __ _ \ \ \ \
( ( )\___ | '_ | '_| | '_ \/ _` | \ \ \ \
 \\/  ___)| |_)| | | | | || (_| |  ) ) ) )
  '  |____| .__|_| |_|_| |_\__, | / / / /
 =========|_|==============|___/=/_/_/_/
 :: Spring Boot ::             (v3.2.0-M2)

2023-09-25T15:25:13.738-06:00  INFO 12500 --- [           main] c.s.s.services.ShoppingCartServiceTest   : Starting ShoppingCartServiceTest using Java 20 with PID 12500 (started by Daniel in C:\Users\Daniel\Documents\Spring Technical Test\Spring-Api-Technical-Test)
2023-09-25T15:25:13.738-06:00  INFO 12500 --- [           main] c.s.s.services.ShoppingCartServiceTest   : No active profile set, falling back to 1 default profile: "default"
2023-09-25T15:25:13.874-06:00  INFO 12500 --- [           main] .s.d.r.c.RepositoryConfigurationDelegate : Bootstrapping Spring Data MongoDB repositories in DEFAULT mode.
2023-09-25T15:25:13.896-06:00  INFO 12500 --- [           main] .s.d.r.c.RepositoryConfigurationDelegate : Finished Spring Data repository scanning in 22 ms. Found 7 MongoDB repository interfaces.
2023-09-25T15:25:13.978-06:00  WARN 12500 --- [           main] trationDelegate$BeanPostProcessorChecker : Bean 'methodSecurityConfigurer' of type [com.springapi.springapitechnicaltest.configuration.MethodSecurityConfigurer$$SpringCGLIB$$0] is not eligible for getting processed by all BeanPostProcessors (for example: not eligible for auto-proxying). Is this bean getting eagerly injected into a currently created BeanPostProcessor [projectingArgumentResolverBeanPostProcessor]? Check the corresponding BeanPostProcessor declaration and its dependencies.
2023-09-25T15:25:13.993-06:00  INFO 12500 --- [           main] org.mongodb.driver.client                : MongoClient with metadata {"driver": {"name": "mongo-java-driver|sync|spring-boot", "version": "4.10.2"}, "os": {"type": "Windows", "name": "Windows 10", "architecture": "amd64", "version": "10.0"}, "platform": "Java/Oracle Corporation/20+36-2344"} created with settings MongoClientSettings{readPreference=primary, writeConcern=WriteConcern{w=null, wTimeout=null ms, journal=null}, retryWrites=true, retryReads=true, readConcern=ReadConcern{level=null}, credential=null, streamFactoryFactory=null, commandListeners=[], codecRegistry=ProvidersCodecRegistry{codecProviders=[ValueCodecProvider{}, BsonValueCodecProvider{}, DBRefCodecProvider{}, DBObjectCodecProvider{}, DocumentCodecProvider{}, CollectionCodecProvider{}, IterableCodecProvider{}, MapCodecProvider{}, GeoJsonCodecProvider{}, GridFSFileCodecProvider{}, Jsr310CodecProvider{}, JsonObjectCodecProvider{}, BsonCodecProvider{}, EnumCodecProvider{}, com.mongodb.client.model.mql.ExpressionCodecProvider@789dd6bf, com.mongodb.Jep395RecordCodecProvider@1e6d30c0, com.mongodb.KotlinCodecProvider@38929da]}, loggerSettings=LoggerSettings{maxDocumentLength=1000}, clusterSettings={hosts=[host.docker.internal:27017], srvServiceName=mongodb, mode=SINGLE, requiredClusterType=UNKNOWN, requiredReplicaSetName='null', serverSelector='null', clusterListeners='[]', serverSelectionTimeout='30000 ms', localThreshold='30000 ms'}, socketSettings=SocketSettings{connectTimeoutMS=10000, readTimeoutMS=0, receiveBufferSize=0, sendBufferSize=0}, heartbeatSocketSettings=SocketSettings{connectTimeoutMS=10000, readTimeoutMS=10000, receiveBufferSize=0, sendBufferSize=0}, connectionPoolSettings=ConnectionPoolSettings{maxSize=100, minSize=0, maxWaitTimeMS=120000, maxConnectionLifeTimeMS=0, maxConnectionIdleTimeMS=0, maintenanceInitialDelayMS=0, maintenanceFrequencyMS=60000, connectionPoolListeners=[], maxConnecting=2}, serverSettings=ServerSettings{heartbeatFrequencyMS=10000, minHeartbeatFrequencyMS=500, serverListeners='[]', serverMonitorListeners='[]'}, sslSettings=SslSettings{enabled=false, invalidHostNameAllowed=false, context=null}, applicationName='null', compressorList=[], uuidRepresentation=JAVA_LEGACY, serverApi=null, autoEncryptionSettings=null, dnsClient=null, inetAddressResolver=null, contextProvider=null}
2023-09-25T15:25:13.996-06:00  INFO 12500 --- [.internal:27017] org.mongodb.driver.cluster               : Monitor thread successfully connected to server with description ServerDescription{address=host.docker.internal:27017, type=STANDALONE, state=CONNECTED, ok=true, minWireVersion=0, maxWireVersion=21, maxDocumentSize=16777216, logicalSessionTimeoutMinutes=30, roundTripTimeNanos=2352300}
2023-09-25T15:25:14.055-06:00  INFO 12500 --- [           main] o.s.s.web.DefaultSecurityFilterChain     : Will secure any request with [org.springframework.security.web.session.DisableEncodeUrlFilter@158330c1, org.springframework.security.web.context.request.async.WebAsyncManagerIntegrationFilter@2b49a11d, org.springframework.security.web.context.SecurityContextHolderFilter@5245b5e0, org.springframework.security.web.header.HeaderWriterFilter@e519afd, org.springframework.web.filter.CorsFilter@3aeff59e, org.springframework.security.web.authentication.logout.LogoutFilter@5b8caf1b, com.springapi.springapitechnicaltest.configuration.JwtFilterAuthConfiguration@781c0f55, com.springapi.springapitechnicaltest.configuration.JwtFilterAuthConfiguration@781c0f55, org.springframework.security.web.savedrequest.RequestCacheAwareFilter@5ec1031d, org.springframework.security.web.servletapi.SecurityContextHolderAwareRequestFilter@5cc5ec4a, org.springframework.security.web.authentication.AnonymousAuthenticationFilter@74953daf, org.springframework.security.web.session.SessionManagementFilter@3799e7a8, org.springframework.security.web.access.ExceptionTranslationFilter@69ecac91, org.springframework.security.web.access.intercept.AuthorizationFilter@7e579cda]
2023-09-25T15:25:14.133-06:00  INFO 12500 --- [           main] c.s.s.services.ShoppingCartServiceTest   : Started ShoppingCartServiceTest in 0.418 seconds (process running for 12.665)
]]></system-out>
  </testcase>
  <testcase name="findShoppingCartByUsername" classname="com.springapi.springapitechnicaltest.services.ShoppingCartServiceTest" time="0.002"/>
  <testcase name="newShoppingCartNotEmptyProducts" classname="com.springapi.springapitechnicaltest.services.ShoppingCartServiceTest" time="0.001"/>
  <testcase name="updateShoppingCartNoFound" classname="com.springapi.springapitechnicaltest.services.ShoppingCartServiceTest" time="0.002"/>
  <testcase name="addProductToShoppingCart" classname="com.springapi.springapitechnicaltest.services.ShoppingCartServiceTest" time="0.003"/>
  <testcase name="findShoppingCartByUsernameWithUsernameNoExists" classname="com.springapi.springapitechnicaltest.services.ShoppingCartServiceTest" time="0.003"/>
  <testcase name="addProductToShoppingCartWithProductAlreadyAddedBefore" classname="com.springapi.springapitechnicaltest.services.ShoppingCartServiceTest" time="0.003"/>
  <testcase name="deleteShoppingCart" classname="com.springapi.springapitechnicaltest.services.ShoppingCartServiceTest" time="0.002"/>
  <testcase name="updateShoppingCart" classname="com.springapi.springapitechnicaltest.services.ShoppingCartServiceTest" time="0.001"/>
  <testcase name="findShoppingCartByUsernameWithNoCartSaved" classname="com.springapi.springapitechnicaltest.services.ShoppingCartServiceTest" time="0.001"/>
</testsuite>